{"contracts/Land.sol":{"l":{"18":12,"19":12,"30":0,"42":12,"43":483,"48":12,"49":12,"58":0,"62":0,"63":0},"path":"/home/thangn/belandsoft/beland-contracts/contracts/Land.sol","s":{},"b":{"1":[12,0],"2":[0,0]},"f":{"1":12,"2":12,"3":0,"4":12,"5":12,"6":0},"fnMap":{"1":{"name":"onlyMinter","line":17,"loc":{"start":{"line":17,"column":4},"end":{"line":20,"column":4}}},"2":{"name":"constructor","line":22,"loc":{"start":{"line":22,"column":4},"end":{"line":22,"column":45}}},"3":{"name":"create","line":29,"loc":{"start":{"line":29,"column":4},"end":{"line":31,"column":4}}},"4":{"name":"batchCreate","line":40,"loc":{"start":{"line":38,"column":4},"end":{"line":45,"column":4}}},"5":{"name":"setMinter","line":47,"loc":{"start":{"line":47,"column":4},"end":{"line":50,"column":4}}},"6":{"name":"setMetadata","line":57,"loc":{"start":{"line":57,"column":4},"end":{"line":64,"column":4}}}},"statementMap":{},"branchMap":{"1":{"line":18,"type":"if","locations":[{"start":{"line":18,"column":8},"end":{"line":18,"column":8}},{"start":{"line":18,"column":8},"end":{"line":18,"column":8}}]},"2":{"line":58,"type":"if","locations":[{"start":{"line":58,"column":8},"end":{"line":58,"column":8}},{"start":{"line":58,"column":8},"end":{"line":58,"column":8}}]}}},"contracts/LandPresale.sol":{"l":{"45":12,"46":12,"47":12,"48":12,"49":12,"50":12,"51":12,"59":12,"60":12,"61":12,"62":12,"63":12,"64":12,"65":12,"66":12,"67":12,"68":12,"69":12,"70":12,"71":12,"75":12,"76":3,"78":3,"80":3,"82":3,"86":12,"87":12,"95":12,"96":12,"97":12,"98":12},"path":"/home/thangn/belandsoft/beland-contracts/contracts/LandPresale.sol","s":{},"b":{"1":[12,0],"2":[12,0],"3":[3,9],"4":[3,6],"5":[3,3],"6":[12,0],"7":[12,0]},"f":{"1":12,"2":12,"3":12,"4":12,"5":12},"fnMap":{"1":{"name":"constructor","line":36,"loc":{"start":{"line":36,"column":4},"end":{"line":52,"column":4}}},"2":{"name":"buy","line":58,"loc":{"start":{"line":58,"column":4},"end":{"line":72,"column":4}}},"3":{"name":"_calculateDiscount","line":74,"loc":{"start":{"line":74,"column":4},"end":{"line":83,"column":4}}},"4":{"name":"_recordReferral","line":85,"loc":{"start":{"line":85,"column":4},"end":{"line":89,"column":4}}},"5":{"name":"_payReferralCommission","line":91,"loc":{"start":{"line":91,"column":4},"end":{"line":100,"column":4}}}},"statementMap":{},"branchMap":{"1":{"line":59,"type":"if","locations":[{"start":{"line":59,"column":8},"end":{"line":59,"column":8}},{"start":{"line":59,"column":8},"end":{"line":59,"column":8}}]},"2":{"line":60,"type":"if","locations":[{"start":{"line":60,"column":8},"end":{"line":60,"column":8}},{"start":{"line":60,"column":8},"end":{"line":60,"column":8}}]},"3":{"line":75,"type":"if","locations":[{"start":{"line":75,"column":8},"end":{"line":75,"column":8}},{"start":{"line":75,"column":8},"end":{"line":75,"column":8}}]},"4":{"line":77,"type":"if","locations":[{"start":{"line":77,"column":15},"end":{"line":77,"column":15}},{"start":{"line":77,"column":15},"end":{"line":77,"column":15}}]},"5":{"line":79,"type":"if","locations":[{"start":{"line":79,"column":15},"end":{"line":79,"column":15}},{"start":{"line":79,"column":15},"end":{"line":79,"column":15}}]},"6":{"line":86,"type":"if","locations":[{"start":{"line":86,"column":8},"end":{"line":86,"column":8}},{"start":{"line":86,"column":8},"end":{"line":86,"column":8}}]},"7":{"line":96,"type":"if","locations":[{"start":{"line":96,"column":8},"end":{"line":96,"column":8}},{"start":{"line":96,"column":8},"end":{"line":96,"column":8}}]}}},"contracts/test/TestErc20.sol":{"l":{"12":12},"path":"/home/thangn/belandsoft/beland-contracts/contracts/test/TestErc20.sol","s":{},"b":{},"f":{"1":12,"2":12},"fnMap":{"1":{"name":"constructor","line":7,"loc":{"start":{"line":7,"column":2},"end":{"line":9,"column":2}}},"2":{"name":"mint","line":11,"loc":{"start":{"line":11,"column":2},"end":{"line":13,"column":2}}}},"statementMap":{},"branchMap":{}},"contracts/test/TestReferral.sol":{"l":{"10":12,"11":12,"16":12},"path":"/home/thangn/belandsoft/beland-contracts/contracts/test/TestReferral.sol","s":{},"b":{"1":[12,0]},"f":{"1":12,"2":12,"3":0},"fnMap":{"1":{"name":"recordReferral","line":9,"loc":{"start":{"line":9,"column":4},"end":{"line":13,"column":4}}},"2":{"name":"getReferrer","line":15,"loc":{"start":{"line":15,"column":4},"end":{"line":17,"column":4}}},"3":{"name":"recordReferralCommission","line":19,"loc":{"start":{"line":19,"column":4},"end":{"line":22,"column":8}}}},"statementMap":{},"branchMap":{"1":{"line":10,"type":"if","locations":[{"start":{"line":10,"column":8},"end":{"line":10,"column":8}},{"start":{"line":10,"column":8},"end":{"line":10,"column":8}}]}}}}