{"contracts/BelandNFT.sol":{"l":{"55":62,"56":56,"60":78,"61":72,"65":9,"69":6,"77":48,"78":48,"82":27,"83":27,"95":6,"99":3,"107":3,"108":3,"109":3,"125":1,"126":1,"143":33,"144":30,"145":30,"153":30,"165":12,"166":9,"167":9,"168":6,"169":6,"173":3,"174":3,"176":3,"185":12,"186":9,"190":78,"191":75,"195":69,"196":69,"197":69,"198":69,"199":69,"200":69,"214":44,"215":41,"216":69,"225":27,"226":27,"227":27,"235":9,"236":9,"237":9,"244":1,"248":1,"249":1},"path":"/home/thangn/belandsoft/beland-contracts/contracts/BelandNFT.sol","s":{},"b":{"1":[56,6],"2":[72,6],"3":[6,3],"4":[3,3],"5":[1,0],"6":[30,3],"7":[9,3],"8":[6,3],"9":[3,3],"10":[9,3],"11":[75,3],"12":[69,6],"13":[41,3],"14":[27,0],"15":[9,0],"16":[1,0]},"f":{"1":62,"2":78,"3":9,"4":48,"5":27,"6":6,"7":3,"8":1,"9":33,"10":12,"11":12,"12":78,"13":44,"14":27,"15":9,"16":1,"17":1},"fnMap":{"1":{"name":"onlyMinter","line":54,"loc":{"start":{"line":54,"column":4},"end":{"line":57,"column":4}}},"2":{"name":"onlyCreator","line":59,"loc":{"start":{"line":59,"column":4},"end":{"line":62,"column":4}}},"3":{"name":"onlyCreatorOrOwner","line":64,"loc":{"start":{"line":64,"column":4},"end":{"line":70,"column":4}}},"4":{"name":"constructor","line":76,"loc":{"start":{"line":72,"column":4},"end":{"line":79,"column":4}}},"5":{"name":"setMinter","line":81,"loc":{"start":{"line":81,"column":4},"end":{"line":84,"column":4}}},"6":{"name":"transferCreatorship","line":93,"loc":{"start":{"line":90,"column":4},"end":{"line":100,"column":4}}},"7":{"name":"_transferCreatorship","line":106,"loc":{"start":{"line":106,"column":4},"end":{"line":110,"column":4}}},"8":{"name":"tokenURI","line":118,"loc":{"start":{"line":118,"column":4},"end":{"line":136,"column":4}}},"9":{"name":"addItems","line":142,"loc":{"start":{"line":142,"column":4},"end":{"line":154,"column":4}}},"10":{"name":"editItems","line":163,"loc":{"start":{"line":161,"column":4},"end":{"line":177,"column":4}}},"11":{"name":"create","line":184,"loc":{"start":{"line":184,"column":4},"end":{"line":187,"column":4}}},"12":{"name":"_create","line":189,"loc":{"start":{"line":189,"column":4},"end":{"line":201,"column":4}}},"13":{"name":"batchCreate","line":213,"loc":{"start":{"line":209,"column":4},"end":{"line":218,"column":4}}},"14":{"name":"setApproved","line":224,"loc":{"start":{"line":224,"column":4},"end":{"line":228,"column":4}}},"15":{"name":"setEditable","line":234,"loc":{"start":{"line":234,"column":4},"end":{"line":238,"column":4}}},"16":{"name":"itemsLength","line":243,"loc":{"start":{"line":243,"column":4},"end":{"line":245,"column":4}}},"17":{"name":"itemOfToken","line":247,"loc":{"start":{"line":247,"column":4},"end":{"line":250,"column":4}}}},"statementMap":{},"branchMap":{"1":{"line":55,"type":"if","locations":[{"start":{"line":55,"column":8},"end":{"line":55,"column":8}},{"start":{"line":55,"column":8},"end":{"line":55,"column":8}}]},"2":{"line":60,"type":"if","locations":[{"start":{"line":60,"column":8},"end":{"line":60,"column":8}},{"start":{"line":60,"column":8},"end":{"line":60,"column":8}}]},"3":{"line":65,"type":"if","locations":[{"start":{"line":65,"column":8},"end":{"line":65,"column":8}},{"start":{"line":65,"column":8},"end":{"line":65,"column":8}}]},"4":{"line":95,"type":"if","locations":[{"start":{"line":95,"column":8},"end":{"line":95,"column":8}},{"start":{"line":95,"column":8},"end":{"line":95,"column":8}}]},"5":{"line":125,"type":"if","locations":[{"start":{"line":125,"column":8},"end":{"line":125,"column":8}},{"start":{"line":125,"column":8},"end":{"line":125,"column":8}}]},"6":{"line":143,"type":"if","locations":[{"start":{"line":143,"column":8},"end":{"line":143,"column":8}},{"start":{"line":143,"column":8},"end":{"line":143,"column":8}}]},"7":{"line":165,"type":"if","locations":[{"start":{"line":165,"column":8},"end":{"line":165,"column":8}},{"start":{"line":165,"column":8},"end":{"line":165,"column":8}}]},"8":{"line":167,"type":"if","locations":[{"start":{"line":167,"column":12},"end":{"line":167,"column":12}},{"start":{"line":167,"column":12},"end":{"line":167,"column":12}}]},"9":{"line":169,"type":"if","locations":[{"start":{"line":169,"column":12},"end":{"line":169,"column":12}},{"start":{"line":169,"column":12},"end":{"line":169,"column":12}}]},"10":{"line":185,"type":"if","locations":[{"start":{"line":185,"column":8},"end":{"line":185,"column":8}},{"start":{"line":185,"column":8},"end":{"line":185,"column":8}}]},"11":{"line":190,"type":"if","locations":[{"start":{"line":190,"column":8},"end":{"line":190,"column":8}},{"start":{"line":190,"column":8},"end":{"line":190,"column":8}}]},"12":{"line":191,"type":"if","locations":[{"start":{"line":191,"column":8},"end":{"line":191,"column":8}},{"start":{"line":191,"column":8},"end":{"line":191,"column":8}}]},"13":{"line":214,"type":"if","locations":[{"start":{"line":214,"column":8},"end":{"line":214,"column":8}},{"start":{"line":214,"column":8},"end":{"line":214,"column":8}}]},"14":{"line":225,"type":"if","locations":[{"start":{"line":225,"column":8},"end":{"line":225,"column":8}},{"start":{"line":225,"column":8},"end":{"line":225,"column":8}}]},"15":{"line":235,"type":"if","locations":[{"start":{"line":235,"column":8},"end":{"line":235,"column":8}},{"start":{"line":235,"column":8},"end":{"line":235,"column":8}}]},"16":{"line":248,"type":"if","locations":[{"start":{"line":248,"column":8},"end":{"line":248,"column":8}},{"start":{"line":248,"column":8},"end":{"line":248,"column":8}}]}}},"contracts/BelandNFTFactory.sol":{"l":{"19":48,"24":48,"25":48,"26":48,"27":48,"28":48,"29":48,"37":1,"41":48},"path":"/home/thangn/belandsoft/beland-contracts/contracts/BelandNFTFactory.sol","s":{},"b":{},"f":{"1":48,"2":1,"3":48},"fnMap":{"1":{"name":"create","line":15,"loc":{"start":{"line":15,"column":4},"end":{"line":30,"column":4}}},"2":{"name":"collectionsLength","line":36,"loc":{"start":{"line":36,"column":4},"end":{"line":38,"column":4}}},"3":{"name":"setBaseURI","line":40,"loc":{"start":{"line":40,"column":4},"end":{"line":42,"column":4}}}},"statementMap":{},"branchMap":{}},"contracts/BelandNFTPresale.sol":{"l":{"47":18,"48":18,"49":18,"53":0,"54":0,"58":0,"59":0,"63":0,"64":0,"65":0,"84":108,"88":105,"92":102,"93":99,"97":96,"101":93,"106":90,"115":90,"119":12,"123":9,"127":6,"131":3,"132":3,"146":38,"147":38,"148":35,"149":35,"151":35,"152":35,"153":35,"154":35,"155":35,"157":35,"158":35,"159":35,"160":32,"161":32,"163":32,"167":35,"168":35,"177":35,"178":35,"179":35,"180":35,"181":35,"184":35},"path":"/home/thangn/belandsoft/beland-contracts/contracts/BelandNFTPresale.sol","s":{},"b":{"1":[0,0],"2":[105,3],"3":[102,3],"4":[99,3],"5":[96,3],"6":[93,3],"7":[90,3],"8":[9,3],"9":[6,3],"10":[3,3],"11":[35,3],"12":[35,0],"13":[32,0],"14":[35,0],"15":[35,0],"16":[35,0]},"f":{"1":18,"2":0,"3":0,"4":0,"5":108,"6":12,"7":38,"8":35,"9":35},"fnMap":{"1":{"name":"constructor","line":42,"loc":{"start":{"line":42,"column":4},"end":{"line":50,"column":4}}},"2":{"name":"setReferral","line":52,"loc":{"start":{"line":52,"column":4},"end":{"line":55,"column":4}}},"3":{"name":"setTreasury","line":57,"loc":{"start":{"line":57,"column":4},"end":{"line":60,"column":4}}},"4":{"name":"setFeePercent","line":62,"loc":{"start":{"line":62,"column":4},"end":{"line":66,"column":4}}},"5":{"name":"addPresale","line":83,"loc":{"start":{"line":76,"column":4},"end":{"line":116,"column":4}}},"6":{"name":"cancelPresale","line":118,"loc":{"start":{"line":118,"column":4},"end":{"line":133,"column":4}}},"7":{"name":"buy","line":145,"loc":{"start":{"line":140,"column":4},"end":{"line":164,"column":4}}},"8":{"name":"_recordReferral","line":166,"loc":{"start":{"line":166,"column":4},"end":{"line":170,"column":4}}},"9":{"name":"_payReferralCommission","line":172,"loc":{"start":{"line":172,"column":4},"end":{"line":191,"column":4}}}},"statementMap":{},"branchMap":{"1":{"line":63,"type":"if","locations":[{"start":{"line":63,"column":8},"end":{"line":63,"column":8}},{"start":{"line":63,"column":8},"end":{"line":63,"column":8}}]},"2":{"line":84,"type":"if","locations":[{"start":{"line":84,"column":8},"end":{"line":84,"column":8}},{"start":{"line":84,"column":8},"end":{"line":84,"column":8}}]},"3":{"line":88,"type":"if","locations":[{"start":{"line":88,"column":8},"end":{"line":88,"column":8}},{"start":{"line":88,"column":8},"end":{"line":88,"column":8}}]},"4":{"line":92,"type":"if","locations":[{"start":{"line":92,"column":8},"end":{"line":92,"column":8}},{"start":{"line":92,"column":8},"end":{"line":92,"column":8}}]},"5":{"line":93,"type":"if","locations":[{"start":{"line":93,"column":8},"end":{"line":93,"column":8}},{"start":{"line":93,"column":8},"end":{"line":93,"column":8}}]},"6":{"line":97,"type":"if","locations":[{"start":{"line":97,"column":8},"end":{"line":97,"column":8}},{"start":{"line":97,"column":8},"end":{"line":97,"column":8}}]},"7":{"line":101,"type":"if","locations":[{"start":{"line":101,"column":8},"end":{"line":101,"column":8}},{"start":{"line":101,"column":8},"end":{"line":101,"column":8}}]},"8":{"line":119,"type":"if","locations":[{"start":{"line":119,"column":8},"end":{"line":119,"column":8}},{"start":{"line":119,"column":8},"end":{"line":119,"column":8}}]},"9":{"line":123,"type":"if","locations":[{"start":{"line":123,"column":8},"end":{"line":123,"column":8}},{"start":{"line":123,"column":8},"end":{"line":123,"column":8}}]},"10":{"line":127,"type":"if","locations":[{"start":{"line":127,"column":8},"end":{"line":127,"column":8}},{"start":{"line":127,"column":8},"end":{"line":127,"column":8}}]},"11":{"line":147,"type":"if","locations":[{"start":{"line":147,"column":8},"end":{"line":147,"column":8}},{"start":{"line":147,"column":8},"end":{"line":147,"column":8}}]},"12":{"line":154,"type":"if","locations":[{"start":{"line":154,"column":8},"end":{"line":154,"column":8}},{"start":{"line":154,"column":8},"end":{"line":154,"column":8}}]},"13":{"line":160,"type":"if","locations":[{"start":{"line":160,"column":8},"end":{"line":160,"column":8}},{"start":{"line":160,"column":8},"end":{"line":160,"column":8}}]},"14":{"line":167,"type":"if","locations":[{"start":{"line":167,"column":8},"end":{"line":167,"column":8}},{"start":{"line":167,"column":8},"end":{"line":167,"column":8}}]},"15":{"line":178,"type":"if","locations":[{"start":{"line":178,"column":8},"end":{"line":178,"column":8}},{"start":{"line":178,"column":8},"end":{"line":178,"column":8}}]},"16":{"line":180,"type":"if","locations":[{"start":{"line":180,"column":12},"end":{"line":180,"column":12}},{"start":{"line":180,"column":12},"end":{"line":180,"column":12}}]}}},"contracts/interfaces/IBelandNFT.sol":{"l":{},"path":"/home/thangn/belandsoft/beland-contracts/contracts/interfaces/IBelandNFT.sol","s":{},"b":{},"f":{},"fnMap":{},"statementMap":{},"branchMap":{}},"contracts/interfaces/IBelandNFTFactory.sol":{"l":{},"path":"/home/thangn/belandsoft/beland-contracts/contracts/interfaces/IBelandNFTFactory.sol","s":{},"b":{},"f":{},"fnMap":{},"statementMap":{},"branchMap":{}},"contracts/interfaces/IReferral.sol":{"l":{},"path":"/home/thangn/belandsoft/beland-contracts/contracts/interfaces/IReferral.sol","s":{},"b":{},"f":{},"fnMap":{},"statementMap":{},"branchMap":{}},"contracts/Land.sol":{"l":{"22":116,"23":107,"34":12,"35":9,"47":95,"48":3165,"52":3162,"57":30,"58":30,"62":0,"66":0,"75":6,"79":3,"80":3,"84":12,"100":1,"101":1},"path":"/home/thangn/belandsoft/beland-contracts/contracts/Land.sol","s":{},"b":{"1":[107,9],"2":[9,3],"3":[3162,3],"4":[3,3],"5":[1,0]},"f":{"1":116,"2":27,"3":12,"4":95,"5":30,"6":0,"7":0,"8":6,"9":12,"10":1},"fnMap":{"1":{"name":"onlyMinter","line":21,"loc":{"start":{"line":21,"column":4},"end":{"line":24,"column":4}}},"2":{"name":"constructor","line":26,"loc":{"start":{"line":26,"column":4},"end":{"line":26,"column":45}}},"3":{"name":"create","line":33,"loc":{"start":{"line":33,"column":4},"end":{"line":36,"column":4}}},"4":{"name":"batchCreate","line":45,"loc":{"start":{"line":43,"column":4},"end":{"line":54,"column":4}}},"5":{"name":"setMinter","line":56,"loc":{"start":{"line":56,"column":4},"end":{"line":59,"column":4}}},"6":{"name":"x","line":61,"loc":{"start":{"line":61,"column":4},"end":{"line":63,"column":4}}},"7":{"name":"y","line":65,"loc":{"start":{"line":65,"column":4},"end":{"line":67,"column":4}}},"8":{"name":"setMetadata","line":74,"loc":{"start":{"line":74,"column":4},"end":{"line":81,"column":4}}},"9":{"name":"setBaseURI","line":83,"loc":{"start":{"line":83,"column":4},"end":{"line":85,"column":4}}},"10":{"name":"tokenURI","line":93,"loc":{"start":{"line":93,"column":4},"end":{"line":102,"column":4}}}},"statementMap":{},"branchMap":{"1":{"line":22,"type":"if","locations":[{"start":{"line":22,"column":8},"end":{"line":22,"column":8}},{"start":{"line":22,"column":8},"end":{"line":22,"column":8}}]},"2":{"line":34,"type":"if","locations":[{"start":{"line":34,"column":8},"end":{"line":34,"column":8}},{"start":{"line":34,"column":8},"end":{"line":34,"column":8}}]},"3":{"line":48,"type":"if","locations":[{"start":{"line":48,"column":12},"end":{"line":48,"column":12}},{"start":{"line":48,"column":12},"end":{"line":48,"column":12}}]},"4":{"line":75,"type":"if","locations":[{"start":{"line":75,"column":8},"end":{"line":75,"column":8}},{"start":{"line":75,"column":8},"end":{"line":75,"column":8}}]},"5":{"line":100,"type":"if","locations":[{"start":{"line":100,"column":8},"end":{"line":100,"column":8}},{"start":{"line":100,"column":8},"end":{"line":100,"column":8}}]}}},"contracts/LandPresale.sol":{"l":{"48":15,"49":15,"50":15,"51":15,"52":15,"53":15,"54":15,"62":86,"63":86,"64":86,"65":86,"66":86,"67":86,"68":86,"69":86,"70":86,"71":86,"72":86,"73":86,"74":86,"78":86,"79":20,"81":19,"83":17,"85":30,"89":86,"90":71,"98":86,"99":86,"100":71,"101":71},"path":"/home/thangn/belandsoft/beland-contracts/contracts/LandPresale.sol","s":{},"b":{"1":[86,0],"2":[86,0],"3":[20,66],"4":[19,47],"5":[17,30],"6":[71,15],"7":[71,15]},"f":{"1":15,"2":86,"3":86,"4":86,"5":86},"fnMap":{"1":{"name":"constructor","line":39,"loc":{"start":{"line":39,"column":4},"end":{"line":55,"column":4}}},"2":{"name":"buy","line":61,"loc":{"start":{"line":61,"column":4},"end":{"line":75,"column":4}}},"3":{"name":"_calculateDiscount","line":77,"loc":{"start":{"line":77,"column":4},"end":{"line":86,"column":4}}},"4":{"name":"_recordReferral","line":88,"loc":{"start":{"line":88,"column":4},"end":{"line":92,"column":4}}},"5":{"name":"_payReferralCommission","line":94,"loc":{"start":{"line":94,"column":4},"end":{"line":103,"column":4}}}},"statementMap":{},"branchMap":{"1":{"line":62,"type":"if","locations":[{"start":{"line":62,"column":8},"end":{"line":62,"column":8}},{"start":{"line":62,"column":8},"end":{"line":62,"column":8}}]},"2":{"line":63,"type":"if","locations":[{"start":{"line":63,"column":8},"end":{"line":63,"column":8}},{"start":{"line":63,"column":8},"end":{"line":63,"column":8}}]},"3":{"line":78,"type":"if","locations":[{"start":{"line":78,"column":8},"end":{"line":78,"column":8}},{"start":{"line":78,"column":8},"end":{"line":78,"column":8}}]},"4":{"line":80,"type":"if","locations":[{"start":{"line":80,"column":15},"end":{"line":80,"column":15}},{"start":{"line":80,"column":15},"end":{"line":80,"column":15}}]},"5":{"line":82,"type":"if","locations":[{"start":{"line":82,"column":15},"end":{"line":82,"column":15}},{"start":{"line":82,"column":15},"end":{"line":82,"column":15}}]},"6":{"line":89,"type":"if","locations":[{"start":{"line":89,"column":8},"end":{"line":89,"column":8}},{"start":{"line":89,"column":8},"end":{"line":89,"column":8}}]},"7":{"line":99,"type":"if","locations":[{"start":{"line":99,"column":8},"end":{"line":99,"column":8}},{"start":{"line":99,"column":8},"end":{"line":99,"column":8}}]}}},"contracts/libs/String.sol":{"l":{"13":1,"14":1,"15":20,"16":20,"17":20,"18":20,"19":20,"21":1,"25":40},"path":"/home/thangn/belandsoft/beland-contracts/contracts/libs/String.sol","s":{},"b":{"1":[23,17]},"f":{"1":1,"2":40},"fnMap":{"1":{"name":"addressToString","line":12,"loc":{"start":{"line":12,"column":4},"end":{"line":22,"column":4}}},"2":{"name":"char","line":24,"loc":{"start":{"line":24,"column":4},"end":{"line":27,"column":4}}}},"statementMap":{},"branchMap":{"1":{"line":25,"type":"if","locations":[{"start":{"line":25,"column":8},"end":{"line":25,"column":8}},{"start":{"line":25,"column":8},"end":{"line":25,"column":8}}]}}},"contracts/Scene.sol":{"l":{"26":0,"27":0,"28":0,"29":0,"38":0,"42":0,"43":0},"path":"/home/thangn/belandsoft/beland-contracts/contracts/Scene.sol","s":{},"b":{"1":[0,0]},"f":{"1":0,"2":0,"3":0},"fnMap":{"1":{"name":"constructor","line":18,"loc":{"start":{"line":18,"column":4},"end":{"line":18,"column":42}}},"2":{"name":"create","line":25,"loc":{"start":{"line":25,"column":4},"end":{"line":30,"column":4}}},"3":{"name":"deploy","line":37,"loc":{"start":{"line":37,"column":4},"end":{"line":44,"column":4}}}},"statementMap":{},"branchMap":{"1":{"line":38,"type":"if","locations":[{"start":{"line":38,"column":8},"end":{"line":38,"column":8}},{"start":{"line":38,"column":8},"end":{"line":38,"column":8}}]}}},"contracts/test/TestErc20.sol":{"l":{"12":33},"path":"/home/thangn/belandsoft/beland-contracts/contracts/test/TestErc20.sol","s":{},"b":{},"f":{"1":33,"2":33},"fnMap":{"1":{"name":"constructor","line":7,"loc":{"start":{"line":7,"column":2},"end":{"line":9,"column":2}}},"2":{"name":"mint","line":11,"loc":{"start":{"line":11,"column":2},"end":{"line":13,"column":2}}}},"statementMap":{},"branchMap":{}},"contracts/test/TestReferral.sol":{"l":{"10":106,"11":106,"16":121},"path":"/home/thangn/belandsoft/beland-contracts/contracts/test/TestReferral.sol","s":{},"b":{"1":[106,0]},"f":{"1":106,"2":121,"3":0},"fnMap":{"1":{"name":"recordReferral","line":9,"loc":{"start":{"line":9,"column":4},"end":{"line":13,"column":4}}},"2":{"name":"getReferrer","line":15,"loc":{"start":{"line":15,"column":4},"end":{"line":17,"column":4}}},"3":{"name":"recordReferralCommission","line":19,"loc":{"start":{"line":19,"column":4},"end":{"line":22,"column":8}}}},"statementMap":{},"branchMap":{"1":{"line":10,"type":"if","locations":[{"start":{"line":10,"column":8},"end":{"line":10,"column":8}},{"start":{"line":10,"column":8},"end":{"line":10,"column":8}}]}}}}